#
# There is insufficient memory for the Java Runtime Environment to continue.
# Native memory allocation (malloc) failed to allocate 492496 bytes for Chunk::new
# Possible reasons:
#   The system is out of physical RAM or swap space
#   The process is running with CompressedOops enabled, and the Java Heap may be blocking the growth of the native heap
# Possible solutions:
#   Reduce memory load on the system
#   Increase physical memory or swap space
#   Check if swap backing store is full
#   Decrease Java heap size (-Xmx/-Xms)
#   Decrease number of Java threads
#   Decrease Java thread stack sizes (-Xss)
#   Set larger code cache with -XX:ReservedCodeCacheSize=
#   JVM is running with Unscaled Compressed Oops mode in which the Java heap is
#     placed in the first 4GB address space. The Java Heap base address is the
#     maximum limit for the native heap growth. Please use -XX:HeapBaseMinAddress
#     to set the Java Heap base and to place the Java Heap above 4GB virtual address.
# This output file may be truncated or incomplete.
#
#  Out of Memory Error (allocation.cpp:389), pid=9672, tid=0x00000000000020fc
#
# JRE version: OpenJDK Runtime Environment (8.0_202-b03) (build 1.8.0_202-release-1483-b03)
# Java VM: OpenJDK 64-Bit Server VM (25.202-b03 mixed mode windows-amd64 compressed oops)
# Failed to write core dump. Minidumps are not enabled by default on client versions of Windows
#

---------------  T H R E A D  ---------------

Current thread (0x000000001671c000):  JavaThread "C2 CompilerThread1" daemon [_thread_in_native, id=8444, stack(0x0000000017f90000,0x0000000018090000)]

Stack: [0x0000000017f90000,0x0000000018090000]
[error occurred during error reporting (printing stack bounds), id 0xc0000005]

Native frames: (J=compiled Java code, j=interpreted, Vv=VM code, C=native code)


Current CompileTask:
C2:   8461 2550       4       java.io.WinNTFileSystem::normalize (143 bytes)


---------------  P R O C E S S  ---------------

Java Threads: ( => current thread )
  0x000000001f552800 JavaThread "Cache worker for execution history cache (C:\Users\Dell\.gradle\caches\5.4.1\executionHistory)" [_thread_blocked, id=11604, stack(0x0000000020830000,0x0000000020930000)]
  0x000000001f550800 JavaThread "Cache worker for cache directory md-rule (C:\Users\Dell\.gradle\caches\5.4.1\md-rule)" [_thread_blocked, id=2036, stack(0x000000001f100000,0x000000001f200000)]
  0x000000001f54d000 JavaThread "Cache worker for cache directory md-supplier (C:\Users\Dell\.gradle\caches\5.4.1\md-supplier)" [_thread_blocked, id=11936, stack(0x000000001e850000,0x000000001e950000)]
  0x0000000019bc0000 JavaThread "Cache worker for file hash cache (D:\DoAn\Shop\.gradle\5.4.1\fileHashes)" [_thread_blocked, id=8196, stack(0x000000001ec00000,0x000000001ed00000)]
  0x0000000019bbf800 JavaThread "Cache worker for journal cache (C:\Users\Dell\.gradle\caches\journal-1)" [_thread_blocked, id=6704, stack(0x000000001b3e0000,0x000000001b4e0000)]
  0x0000000019bba000 JavaThread "File lock request listener" [_thread_in_native, id=10576, stack(0x000000001b2e0000,0x000000001b3e0000)]
  0x0000000019bc1000 JavaThread "Cache worker for file hash cache (C:\Users\Dell\.gradle\caches\5.4.1\fileHashes)" [_thread_blocked, id=9648, stack(0x000000001b1e0000,0x000000001b2e0000)]
  0x0000000019ac5800 JavaThread "Thread-9" [_thread_blocked, id=1788, stack(0x000000001b0e0000,0x000000001b1e0000)]
  0x0000000019ac4800 JavaThread "Stdin handler" [_thread_blocked, id=7072, stack(0x000000001afe0000,0x000000001b0e0000)]
  0x0000000019ac2800 JavaThread "Asynchronous log dispatcher for DefaultDaemonConnection: socket connection from /127.0.0.1:56153 to /127.0.0.1:56154" [_thread_blocked, id=5636, stack(0x000000001aee0000,0x000000001afe0000)]
  0x00000000199bc000 JavaThread "Daemon worker" [_thread_in_native, id=2328, stack(0x000000001ade0000,0x000000001aee0000)]
  0x00000000199ba000 JavaThread "Cancel handler" [_thread_blocked, id=6512, stack(0x000000001ace0000,0x000000001ade0000)]
  0x00000000199a6800 JavaThread "Handler for socket connection from /127.0.0.1:56153 to /127.0.0.1:56154" [_thread_in_native, id=5340, stack(0x000000001a9e0000,0x000000001aae0000)]
  0x0000000019a9f000 JavaThread "Daemon" [_thread_blocked, id=6028, stack(0x000000001a8e0000,0x000000001a9e0000)]
  0x0000000019934000 JavaThread "Daemon periodic checks" [_thread_blocked, id=11432, stack(0x000000001a7e0000,0x000000001a8e0000)]
  0x000000001957b000 JavaThread "Incoming local TCP Connector on port 56153" [_thread_in_native, id=12080, stack(0x000000001a5a0000,0x000000001a6a0000)]
  0x00000000193d6000 JavaThread "Daemon health stats" [_thread_blocked, id=6304, stack(0x0000000019f60000,0x000000001a060000)]
  0x00000000181ad000 JavaThread "Service Thread" daemon [_thread_blocked, id=5044, stack(0x0000000018590000,0x0000000018690000)]
  0x000000001671f000 JavaThread "C1 CompilerThread2" daemon [_thread_blocked, id=4220, stack(0x0000000018090000,0x0000000018190000)]
=>0x000000001671c000 JavaThread "C2 CompilerThread1" daemon [_thread_in_native, id=8444, stack(0x0000000017f90000,0x0000000018090000)]
  0x0000000016718000 JavaThread "C2 CompilerThread0" daemon [_thread_in_native, id=9152, stack(0x0000000017e90000,0x0000000017f90000)]
  0x0000000016725800 JavaThread "Attach Listener" daemon [_thread_blocked, id=10212, stack(0x0000000017d90000,0x0000000017e90000)]
  0x0000000016724000 JavaThread "Signal Dispatcher" daemon [_thread_blocked, id=3056, stack(0x0000000017c90000,0x0000000017d90000)]
  0x0000000002daa800 JavaThread "Finalizer" daemon [_thread_blocked, id=3408, stack(0x0000000017990000,0x0000000017a90000)]
  0x0000000002da0800 JavaThread "Reference Handler" daemon [_thread_blocked, id=6016, stack(0x0000000017890000,0x0000000017990000)]
  0x000000000101e000 JavaThread "main" [_thread_blocked, id=4884, stack(0x0000000002ab0000,0x0000000002bb0000)]

Other Threads:
  0x00000000166e7000 VMThread [stack: 0x0000000017790000,0x0000000017890000] [id=8676]
  0x00000000181ad800 WatcherThread [stack: 0x0000000018690000,0x0000000018790000] [id=7528]

VM state:not at safepoint (normal execution)

VM Mutex/Monitor currently owned by a thread: None

heap address: 0x00000000a0000000, size: 1536 MB, Compressed Oops mode: 32-bit
Narrow klass base: 0x0000000000000000, Narrow klass shift: 3
Compressed class space size: 1073741824 Address: 0x0000000100000000

Heap:
 PSYoungGen      total 76288K, used 31941K [0x00000000e0000000, 0x00000000e7280000, 0x0000000100000000)
  eden space 65536K, 35% used [0x00000000e0000000,0x00000000e169d1e0,0x00000000e4000000)
  from space 10752K, 81% used [0x00000000e4000000,0x00000000e48942d0,0x00000000e4a80000)
  to   space 12288K, 0% used [0x00000000e6680000,0x00000000e6680000,0x00000000e7280000)
 ParOldGen       total 114688K, used 11092K [0x00000000a0000000, 0x00000000a7000000, 0x00000000e0000000)
  object space 114688K, 9% used [0x00000000a0000000,0x00000000a0ad5018,0x00000000a7000000)
 Metaspace       used 33113K, capacity 33660K, committed 33920K, reserved 1079296K
  class space    used 4546K, capacity 4735K, committed 4736K, reserved 1048576K

Card table byte_map: [0x0000000012170000,0x0000000012480000] byte_map_base: 0x0000000011c70000

Marking Bits: (ParMarkBitMap*) 0x0000000072ab9f30
 Begin Bits: [0x0000000012a80000, 0x0000000014280000)
 End Bits:   [0x0000000014280000, 0x0000000015a80000)

Polling page: 0x0000000000bf0000

CodeCache: size=245760Kb used=10332Kb max_used=10332Kb free=235427Kb
 bounds [0x0000000002db0000, 0x00000000037d0000, 0x0000000011db0000]
 total_blobs=3353 nmethods=2660 adapters=606
 compilation: enabled

Compilation events (10 events):
Event: 8.451 Thread 0x000000001671f000 nmethod 2652 0x00000000037c3f50 code [0x00000000037c4120, 0x00000000037c4988]
Event: 8.451 Thread 0x000000001671f000 2653       3       java.util.concurrent.atomic.AtomicLong::getAndIncrement (12 bytes)
Event: 8.451 Thread 0x000000001671f000 nmethod 2653 0x00000000037c4d90 code [0x00000000037c4ee0, 0x00000000037c5050]
Event: 8.452 Thread 0x000000001671f000 2654       1       com.google.common.collect.RegularImmutableMap$KeySet::asList (5 bytes)
Event: 8.452 Thread 0x000000001671f000 nmethod 2654 0x00000000037c50d0 code [0x00000000037c5220, 0x00000000037c5330]
Event: 8.453 Thread 0x000000001671f000 2655       1       org.gradle.api.internal.attributes.DefaultImmutableAttributes::asImmutable (2 bytes)
Event: 8.453 Thread 0x000000001671f000 nmethod 2655 0x00000000037c5390 code [0x00000000037c54e0, 0x00000000037c55f0]
Event: 8.454 Thread 0x000000001671f000 2656       3       org.gradle.api.internal.artifacts.repositories.resolver.ExternalResourceResolver::getId (26 bytes)
Event: 8.454 Thread 0x000000001671f000 nmethod 2656 0x00000000037c5650 code [0x00000000037c57c0, 0x00000000037c59c8]
Event: 8.455 Thread 0x000000001671f000 2657       3       sun.security.provider.MD5::implCompress (1508 bytes)

GC Heap History (10 events):
Event: 4.346 GC heap before
{Heap before GC invocations=2 (full 0):
 PSYoungGen      total 76288K, used 72054K [0x00000000e0000000, 0x00000000e5500000, 0x0000000100000000)
  eden space 65536K, 100% used [0x00000000e0000000,0x00000000e4000000,0x00000000e4000000)
  from space 10752K, 60% used [0x00000000e4000000,0x00000000e465d948,0x00000000e4a80000)
  to   space 10752K, 0% used [0x00000000e4a80000,0x00000000e4a80000,0x00000000e5500000)
 ParOldGen       total 175104K, used 8K [0x00000000a0000000, 0x00000000aab00000, 0x00000000e0000000)
  object space 175104K, 0% used [0x00000000a0000000,0x00000000a0002000,0x00000000aab00000)
 Metaspace       used 15301K, capacity 15656K, committed 16000K, reserved 1062912K
  class space    used 2168K, capacity 2318K, committed 2432K, reserved 1048576K
Event: 4.366 GC heap after
Heap after GC invocations=2 (full 0):
 PSYoungGen      total 76288K, used 9796K [0x00000000e0000000, 0x00000000e5500000, 0x0000000100000000)
  eden space 65536K, 0% used [0x00000000e0000000,0x00000000e0000000,0x00000000e4000000)
  from space 10752K, 91% used [0x00000000e4a80000,0x00000000e5411150,0x00000000e5500000)
  to   space 10752K, 0% used [0x00000000e4000000,0x00000000e4000000,0x00000000e4a80000)
 ParOldGen       total 175104K, used 24K [0x00000000a0000000, 0x00000000aab00000, 0x00000000e0000000)
  object space 175104K, 0% used [0x00000000a0000000,0x00000000a0006000,0x00000000aab00000)
 Metaspace       used 15301K, capacity 15656K, committed 16000K, reserved 1062912K
  class space    used 2168K, capacity 2318K, committed 2432K, reserved 1048576K
}
Event: 5.342 GC heap before
{Heap before GC invocations=3 (full 0):
 PSYoungGen      total 76288K, used 63041K [0x00000000e0000000, 0x00000000e5500000, 0x0000000100000000)
  eden space 65536K, 81% used [0x00000000e0000000,0x00000000e33ff508,0x00000000e4000000)
  from space 10752K, 91% used [0x00000000e4a80000,0x00000000e5411150,0x00000000e5500000)
  to   space 10752K, 0% used [0x00000000e4000000,0x00000000e4000000,0x00000000e4a80000)
 ParOldGen       total 175104K, used 24K [0x00000000a0000000, 0x00000000aab00000, 0x00000000e0000000)
  object space 175104K, 0% used [0x00000000a0000000,0x00000000a0006000,0x00000000aab00000)
 Metaspace       used 20779K, capacity 21108K, committed 21248K, reserved 1067008K
  class space    used 2916K, capacity 3062K, committed 3072K, reserved 1048576K
Event: 5.356 GC heap after
Heap after GC invocations=3 (full 0):
 PSYoungGen      total 76288K, used 10746K [0x00000000e0000000, 0x00000000e5500000, 0x0000000100000000)
  eden space 65536K, 0% used [0x00000000e0000000,0x00000000e0000000,0x00000000e4000000)
  from space 10752K, 99% used [0x00000000e4000000,0x00000000e4a7eb10,0x00000000e4a80000)
  to   space 10752K, 0% used [0x00000000e4a80000,0x00000000e4a80000,0x00000000e5500000)
 ParOldGen       total 175104K, used 654K [0x00000000a0000000, 0x00000000aab00000, 0x00000000e0000000)
  object space 175104K, 0% used [0x00000000a0000000,0x00000000a00a3a30,0x00000000aab00000)
 Metaspace       used 20779K, capacity 21108K, committed 21248K, reserved 1067008K
  class space    used 2916K, capacity 3062K, committed 3072K, reserved 1048576K
}
Event: 5.356 GC heap before
{Heap before GC invocations=4 (full 1):
 PSYoungGen      total 76288K, used 10746K [0x00000000e0000000, 0x00000000e5500000, 0x0000000100000000)
  eden space 65536K, 0% used [0x00000000e0000000,0x00000000e0000000,0x00000000e4000000)
  from space 10752K, 99% used [0x00000000e4000000,0x00000000e4a7eb10,0x00000000e4a80000)
  to   space 10752K, 0% used [0x00000000e4a80000,0x00000000e4a80000,0x00000000e5500000)
 ParOldGen       total 175104K, used 654K [0x00000000a0000000, 0x00000000aab00000, 0x00000000e0000000)
  object space 175104K, 0% used [0x00000000a0000000,0x00000000a00a3a30,0x00000000aab00000)
 Metaspace       used 20779K, capacity 21108K, committed 21248K, reserved 1067008K
  class space    used 2916K, capacity 3062K, committed 3072K, reserved 1048576K
Event: 5.420 GC heap after
Heap after GC invocations=4 (full 1):
 PSYoungGen      total 76288K, used 0K [0x00000000e0000000, 0x00000000e5500000, 0x0000000100000000)
  eden space 65536K, 0% used [0x00000000e0000000,0x00000000e0000000,0x00000000e4000000)
  from space 10752K, 0% used [0x00000000e4000000,0x00000000e4000000,0x00000000e4a80000)
  to   space 10752K, 0% used [0x00000000e4a80000,0x00000000e4a80000,0x00000000e5500000)
 ParOldGen       total 114688K, used 11076K [0x00000000a0000000, 0x00000000a7000000, 0x00000000e0000000)
  object space 114688K, 9% used [0x00000000a0000000,0x00000000a0ad1018,0x00000000a7000000)
 Metaspace       used 20779K, capacity 21108K, committed 21248K, reserved 1067008K
  class space    used 2916K, capacity 3062K, committed 3072K, reserved 1048576K
}
Event: 6.823 GC heap before
{Heap before GC invocations=5 (full 1):
 PSYoungGen      total 76288K, used 65536K [0x00000000e0000000, 0x00000000e5500000, 0x0000000100000000)
  eden space 65536K, 100% used [0x00000000e0000000,0x00000000e4000000,0x00000000e4000000)
  from space 10752K, 0% used [0x00000000e4000000,0x00000000e4000000,0x00000000e4a80000)
  to   space 10752K, 0% used [0x00000000e4a80000,0x00000000e4a80000,0x00000000e5500000)
 ParOldGen       total 114688K, used 11076K [0x00000000a0000000, 0x00000000a7000000, 0x00000000e0000000)
  object space 114688K, 9% used [0x00000000a0000000,0x00000000a0ad1018,0x00000000a7000000)
 Metaspace       used 28595K, capacity 29048K, committed 29440K, reserved 1075200K
  class space    used 3851K, capacity 4011K, committed 4096K, reserved 1048576K
Event: 6.831 GC heap after
Heap after GC invocations=5 (full 1):
 PSYoungGen      total 76288K, used 7664K [0x00000000e0000000, 0x00000000e6f80000, 0x0000000100000000)
  eden space 65536K, 0% used [0x00000000e0000000,0x00000000e0000000,0x00000000e4000000)
  from space 10752K, 71% used [0x00000000e4a80000,0x00000000e51fc210,0x00000000e5500000)
  to   space 10752K, 0% used [0x00000000e4000000,0x00000000e4000000,0x00000000e4a80000)
 ParOldGen       total 114688K, used 11084K [0x00000000a0000000, 0x00000000a7000000, 0x00000000e0000000)
  object space 114688K, 9% used [0x00000000a0000000,0x00000000a0ad3018,0x00000000a7000000)
 Metaspace       used 28595K, capacity 29048K, committed 29440K, reserved 1075200K
  class space    used 3851K, capacity 4011K, committed 4096K, reserved 1048576K
}
Event: 8.071 GC heap before
{Heap before GC invocations=6 (full 1):
 PSYoungGen      total 76288K, used 73200K [0x00000000e0000000, 0x00000000e6f80000, 0x0000000100000000)
  eden space 65536K, 100% used [0x00000000e0000000,0x00000000e4000000,0x00000000e4000000)
  from space 10752K, 71% used [0x00000000e4a80000,0x00000000e51fc210,0x00000000e5500000)
  to   space 10752K, 0% used [0x00000000e4000000,0x00000000e4000000,0x00000000e4a80000)
 ParOldGen       total 114688K, used 11084K [0x00000000a0000000, 0x00000000a7000000, 0x00000000e0000000)
  object space 114688K, 9% used [0x00000000a0000000,0x00000000a0ad3018,0x00000000a7000000)
 Metaspace       used 31689K, capacity 32204K, committed 32512K, reserved 1077248K
  class space    used 4356K, capacity 4531K, committed 4608K, reserved 1048576K
Event: 8.082 GC heap after
Heap after GC invocations=6 (full 1):
 PSYoungGen      total 76288K, used 8784K [0x00000000e0000000, 0x00000000e7280000, 0x0000000100000000)
  eden space 65536K, 0% used [0x00000000e0000000,0x00000000e0000000,0x00000000e4000000)
  from space 10752K, 81% used [0x00000000e4000000,0x00000000e48942d0,0x00000000e4a80000)
  to   space 12288K, 0% used [0x00000000e6680000,0x00000000e6680000,0x00000000e7280000)
 ParOldGen       total 114688K, used 11092K [0x00000000a0000000, 0x00000000a7000000, 0x00000000e0000000)
  object space 114688K, 9% used [0x00000000a0000000,0x00000000a0ad5018,0x00000000a7000000)
 Metaspace       used 31689K, capacity 32204K, committed 32512K, reserved 1077248K
  class space    used 4356K, capacity 4531K, committed 4608K, reserved 1048576K
}

Deoptimization events (10 events):
Event: 6.554 Thread 0x00000000199bc000 Uncommon trap: reason=unstable_if action=reinterpret pc=0x000000000309a630 method=java.util.LinkedHashMap.afterNodeInsertion(Z)V @ 1
Event: 6.802 Thread 0x00000000199bc000 Uncommon trap: reason=class_check action=maybe_recompile pc=0x000000000339b85c method=sun.misc.URLClassPath.getLoader(I)Lsun/misc/URLClassPath$Loader; @ 94
Event: 6.807 Thread 0x00000000199bc000 Uncommon trap: reason=class_check action=maybe_recompile pc=0x00000000033a2b08 method=sun.misc.URLClassPath.getLoader(I)Lsun/misc/URLClassPath$Loader; @ 239
Event: 6.831 Thread 0x0000000002da0800 Uncommon trap: reason=unstable_if action=reinterpret pc=0x00000000033b7e7c method=java.lang.ref.Reference.tryHandlePending(Z)Z @ 104
Event: 7.024 Thread 0x00000000199bc000 Uncommon trap: reason=unstable_if action=reinterpret pc=0x000000000305064c method=java.io.WinNTFileSystem.resolve(Ljava/lang/String;Ljava/lang/String;)Ljava/lang/String; @ 49
Event: 7.118 Thread 0x00000000199bc000 Uncommon trap: reason=unstable_if action=reinterpret pc=0x0000000003699488 method=org.codehaus.groovy.runtime.metaclass.MetaMethodIndex.addMethodToList(Ljava/lang/Object;Lgroovy/lang/MetaMethod;)Ljava/lang/Object; @ 226
Event: 8.219 Thread 0x00000000199bc000 Uncommon trap: reason=bimorphic action=maybe_recompile pc=0x0000000003384b7c method=java.io.DataInputStream.readInt()I @ 4
Event: 8.219 Thread 0x00000000199bc000 Uncommon trap: reason=bimorphic action=maybe_recompile pc=0x0000000003384b7c method=java.io.DataInputStream.readInt()I @ 4
Event: 8.219 Thread 0x00000000199bc000 Uncommon trap: reason=bimorphic action=maybe_recompile pc=0x0000000003384b7c method=java.io.DataInputStream.readInt()I @ 4
Event: 8.219 Thread 0x00000000199bc000 Uncommon trap: reason=bimorphic action=maybe_recompile pc=0x0000000003384b7c method=java.io.DataInputStream.readInt()I @ 4

Classes redefined (0 events):
No events

Internal exceptions (10 events):
Event: 7.946 Thread 0x00000000199bc000 Exception <a 'java/security/PrivilegedActionException'> (0x00000000e3724d28) thrown at [D:\src\AOSP-openjdk-cygwin\jdk8u\hotspot\src\share\vm\prims\jvm.cpp, line 1508]
Event: 7.946 Thread 0x00000000199bc000 Exception <a 'java/security/PrivilegedActionException'> (0x00000000e3725aa8) thrown at [D:\src\AOSP-openjdk-cygwin\jdk8u\hotspot\src\share\vm\prims\jvm.cpp, line 1508]
Event: 7.946 Thread 0x00000000199bc000 Exception <a 'java/lang/ClassNotFoundException': org/codehaus/groovy/runtime/GStringImplBeanInfo> (0x00000000e3731238) thrown at [D:\src\AOSP-openjdk-cygwin\jdk8u\hotspot\src\share\vm\classfile\systemDictionary.cpp, line 210]
Event: 7.947 Thread 0x00000000199bc000 Exception <a 'java/security/PrivilegedActionException'> (0x00000000e373ad00) thrown at [D:\src\AOSP-openjdk-cygwin\jdk8u\hotspot\src\share\vm\prims\jvm.cpp, line 1508]
Event: 7.947 Thread 0x00000000199bc000 Exception <a 'java/security/PrivilegedActionException'> (0x00000000e373ba80) thrown at [D:\src\AOSP-openjdk-cygwin\jdk8u\hotspot\src\share\vm\prims\jvm.cpp, line 1508]
Event: 7.952 Thread 0x00000000199bc000 Exception <a 'java/security/PrivilegedActionException'> (0x00000000e374a818) thrown at [D:\src\AOSP-openjdk-cygwin\jdk8u\hotspot\src\share\vm\prims\jvm.cpp, line 1508]
Event: 7.952 Thread 0x00000000199bc000 Exception <a 'java/security/PrivilegedActionException'> (0x00000000e374b598) thrown at [D:\src\AOSP-openjdk-cygwin\jdk8u\hotspot\src\share\vm\prims\jvm.cpp, line 1508]
Event: 7.952 Thread 0x00000000199bc000 Exception <a 'java/security/PrivilegedActionException'> (0x00000000e37586f0) thrown at [D:\src\AOSP-openjdk-cygwin\jdk8u\hotspot\src\share\vm\prims\jvm.cpp, line 1508]
Event: 7.952 Thread 0x00000000199bc000 Exception <a 'java/security/PrivilegedActionException'> (0x00000000e3759470) thrown at [D:\src\AOSP-openjdk-cygwin\jdk8u\hotspot\src\share\vm\prims\jvm.cpp, line 1508]
Event: 7.953 Thread 0x00000000199bc000 Exception <a 'java/lang/ClassNotFoundException': org/codehaus/groovy/runtime/GStringImplCustomizer> (0x00000000e3764ec0) thrown at [D:\src\AOSP-openjdk-cygwin\jdk8u\hotspot\src\share\vm\classfile\systemDictionary.cpp, line 210]

Events (10 events):
Event: 8.311 loading class org/gradle/api/attributes/MultipleCandidatesDetails
Event: 8.311 loading class org/gradle/api/attributes/MultipleCandidatesDetails done
Event: 8.314 loading class org/gradle/internal/component/model/DefaultSelectedByVariantMatchingConfigurationMetadata
Event: 8.314 loading class org/gradle/internal/component/model/DefaultSelectedByVariantMatchingConfigurationMetadata done
Event: 8.315 loading class org/gradle/internal/component/external/model/ConfigurationBoundExternalDependencyMetadata
Event: 8.315 loading class org/gradle/internal/component/external/model/ConfigurationBoundExternalDependencyMetadata done
Event: 8.334 loading class org/gradle/internal/component/external/descriptor/DefaultExclude
Event: 8.334 loading class org/gradle/internal/component/external/descriptor/DefaultExclude done
Event: 8.335 loading class org/gradle/internal/component/model/Exclude
Event: 8.335 loading class org/gradle/internal/component/model/Exclude done


Dynamic libraries:
0x00007ff6c6ee0000 - 0x00007ff6c6f11000 	C:\Program Files\Android\Android Studio\jre\bin\java.exe
0x00007fff58ac0000 - 0x00007fff58cb0000 	C:\Windows\SYSTEM32\ntdll.dll
0x00007fff589c0000 - 0x00007fff58a72000 	C:\Windows\System32\KERNEL32.DLL
0x00007fff56870000 - 0x00007fff56b13000 	C:\Windows\System32\KERNELBASE.dll
0x00007fff58580000 - 0x00007fff58623000 	C:\Windows\System32\ADVAPI32.dll
0x00007fff584e0000 - 0x00007fff5857e000 	C:\Windows\System32\msvcrt.dll
0x00007fff58830000 - 0x00007fff588c7000 	C:\Windows\System32\sechost.dll
0x00007fff57bf0000 - 0x00007fff57d10000 	C:\Windows\System32\RPCRT4.dll
0x00007fff58690000 - 0x00007fff58824000 	C:\Windows\System32\USER32.dll
0x00007fff55b50000 - 0x00007fff55b71000 	C:\Windows\System32\win32u.dll
0x00007fff58660000 - 0x00007fff58686000 	C:\Windows\System32\GDI32.dll
0x00007fff55c30000 - 0x00007fff55dc4000 	C:\Windows\System32\gdi32full.dll
0x00007fff55dd0000 - 0x00007fff55e6e000 	C:\Windows\System32\msvcp_win.dll
0x00007fff55a50000 - 0x00007fff55b4a000 	C:\Windows\System32\ucrtbase.dll
0x00007fff48640000 - 0x00007fff488c5000 	C:\Windows\WinSxS\amd64_microsoft.windows.common-controls_6595b64144ccf1df_6.0.18362.657_none_e6c5b579130e3898\COMCTL32.dll
0x00007fff57070000 - 0x00007fff573a6000 	C:\Windows\System32\combase.dll
0x00007fff55bb0000 - 0x00007fff55c30000 	C:\Windows\System32\bcryptPrimitives.dll
0x00007fff56b70000 - 0x00007fff56b9e000 	C:\Windows\System32\IMM32.DLL
0x0000000072210000 - 0x00000000722e2000 	C:\Program Files\Android\Android Studio\jre\jre\bin\msvcr100.dll
0x00000000722f0000 - 0x0000000072b36000 	C:\Program Files\Android\Android Studio\jre\jre\bin\server\jvm.dll
0x00007fff56cc0000 - 0x00007fff56cc8000 	C:\Windows\System32\PSAPI.DLL
0x00007fff51100000 - 0x00007fff51109000 	C:\Windows\SYSTEM32\WSOCK32.dll
0x00007fff58950000 - 0x00007fff589bf000 	C:\Windows\System32\WS2_32.dll
0x00007fff53900000 - 0x00007fff53924000 	C:\Windows\SYSTEM32\WINMM.dll
0x00007fff4c010000 - 0x00007fff4c01a000 	C:\Windows\SYSTEM32\VERSION.dll
0x00007fff538d0000 - 0x00007fff538fd000 	C:\Windows\SYSTEM32\WINMMBASE.dll
0x00007fff56b20000 - 0x00007fff56b6a000 	C:\Windows\System32\cfgmgr32.dll
0x00007fff4e740000 - 0x00007fff4e74f000 	C:\Program Files\Android\Android Studio\jre\jre\bin\verify.dll
0x00007fff47a50000 - 0x00007fff47a79000 	C:\Program Files\Android\Android Studio\jre\jre\bin\java.dll
0x00007fff47a30000 - 0x00007fff47a46000 	C:\Program Files\Android\Android Studio\jre\jre\bin\zip.dll
0x00007fff57df0000 - 0x00007fff584d5000 	C:\Windows\System32\SHELL32.dll
0x00007fff56c10000 - 0x00007fff56cb9000 	C:\Windows\System32\shcore.dll
0x00007fff560f0000 - 0x00007fff5686f000 	C:\Windows\System32\windows.storage.dll
0x00007fff559a0000 - 0x00007fff559bf000 	C:\Windows\System32\profapi.dll
0x00007fff55a00000 - 0x00007fff55a4a000 	C:\Windows\System32\powrprof.dll
0x00007fff55990000 - 0x00007fff559a0000 	C:\Windows\System32\UMPDC.dll
0x00007fff56fb0000 - 0x00007fff57002000 	C:\Windows\System32\shlwapi.dll
0x00007fff559c0000 - 0x00007fff559d1000 	C:\Windows\System32\kernel.appcore.dll
0x00007fff56070000 - 0x00007fff56087000 	C:\Windows\System32\cryptsp.dll
0x00007fff461e0000 - 0x00007fff461fa000 	C:\Program Files\Android\Android Studio\jre\jre\bin\net.dll
0x00007fff55200000 - 0x00007fff55267000 	C:\Windows\system32\mswsock.dll
0x00007fff461c0000 - 0x00007fff461d1000 	C:\Program Files\Android\Android Studio\jre\jre\bin\nio.dll
0x00007fff399b0000 - 0x00007fff399d6000 	C:\Users\Dell\.gradle\native\29\windows-amd64\native-platform.dll
0x00007fff482b0000 - 0x00007fff482bd000 	C:\Program Files\Android\Android Studio\jre\jre\bin\management.dll
0x00007fff54d70000 - 0x00007fff54da3000 	C:\Windows\system32\rsaenh.dll
0x00007fff55b80000 - 0x00007fff55ba6000 	C:\Windows\System32\bcrypt.dll
0x00007fff558b0000 - 0x00007fff558d5000 	C:\Windows\SYSTEM32\USERENV.dll
0x00007fff553d0000 - 0x00007fff553dc000 	C:\Windows\SYSTEM32\CRYPTBASE.dll
0x00007fff54f10000 - 0x00007fff54f4a000 	C:\Windows\SYSTEM32\IPHLPAPI.DLL
0x00007fff58650000 - 0x00007fff58658000 	C:\Windows\System32\NSI.dll
0x00007fff4f6b0000 - 0x00007fff4f6c6000 	C:\Windows\SYSTEM32\dhcpcsvc6.DLL
0x00007fff4f690000 - 0x00007fff4f6ac000 	C:\Windows\SYSTEM32\dhcpcsvc.DLL
0x00007fff54f50000 - 0x00007fff5501a000 	C:\Windows\SYSTEM32\DNSAPI.dll

VM Arguments:
jvm_args: -Xmx1536m -Dfile.encoding=windows-1252 -Duser.country=US -Duser.language=en -Duser.variant 
java_command: org.gradle.launcher.daemon.bootstrap.GradleDaemon 5.4.1
java_class_path (initial): C:\Users\Dell\.gradle\wrapper\dists\gradle-5.4.1-all\3221gyojl5jsh0helicew7rwx\gradle-5.4.1\lib\gradle-launcher-5.4.1.jar
Launcher Type: SUN_STANDARD

Environment Variables:
PATH=C:\Windows\system32;C:\Windows;C:\Windows\System32\Wbem;C:\Windows\System32\WindowsPowerShell\v1.0\;C:\Windows\System32\OpenSSH\;C:\Program Files\Git\cmd;C:\Users\Dell\AppData\Local\Microsoft\WindowsApps;
USERNAME=Dell
OS=Windows_NT
PROCESSOR_IDENTIFIER=Intel64 Family 6 Model 60 Stepping 3, GenuineIntel



---------------  S Y S T E M  ---------------

OS: Windows 10.0 , 64 bit Build 18362 (10.0.18362.329)

CPU:total 4 (initial active 4) (2 cores per cpu, 2 threads per core) family 6 model 60 stepping 3, cmov, cx8, fxsr, mmx, sse, sse2, sse3, ssse3, sse4.1, sse4.2, popcnt, avx, avx2, aes, clmul, erms, lzcnt, ht, tsc, tscinvbit, bmi1, bmi2

Memory: 4k page, physical 16682316k(4705360k free), swap 31252168k(4108k free)

vm_info: OpenJDK 64-Bit Server VM (25.202-b03) for windows-amd64 JRE (1.8.0_202-release-1483-b03), built by "builder" with MS VC++ 10.0 (VS2010)

time: Wed Feb 26 09:09:49 2020
timezone: SE Asia Standard Time
elapsed time: 8 seconds (0d 0h 0m 8s)

